2025-01-27T16:19:49.000123924+03:00 - INFO - Запускаю бота GlebusVPN...
2025-01-27T16:35:55.821509103+03:00 - INFO - Запускаю бота GlebusVPN...
2025-01-27T16:36:03.542858047+03:00 - INFO - Пользователь LineGM с chat_id=285774400 вызвал команду /start
2025-01-27T16:36:19.218266519+03:00 - WARN - Пользователь LineGM с chat_id=285774400 ввёл превышающее значение устройств: 6
2025-01-27T16:36:28.165962283+03:00 - WARN - Пользователь LineGM с chat_id=285774400 ввёл некорректное значение: -1
2025-01-27T16:36:35.617738273+03:00 - WARN - Пользователь LineGM с chat_id=285774400 ввёл некорректное значение: 0
2025-01-27T16:36:43.851608305+03:00 - WARN - Пользователь LineGM с chat_id=285774400 ввёл некорректное значение: dfgfghfgh
2025-01-27T16:36:58.932930060+03:00 - INFO - Пользователь LineGM с chat_id=285774400 начал оформление заявки на 3 устройств
2025-01-27T16:37:10.475119977+03:00 - INFO - Пользователь с chat_id=285774400 выбрал платформу Linux для устройства 1
2025-01-27T16:37:27.501273589+03:00 - INFO - Пользователь с chat_id=285774400 выбрал платформу Windows для устройства 2
2025-01-27T16:37:31.135367588+03:00 - INFO - Пользователь с chat_id=285774400 выбрал платформу Android для устройства 3
2025-01-27T16:37:31.135674503+03:00 - INFO - Пользователь с chat_id=285774400 завершил оформление заявки:
Устройство 1: Linux
Устройство 2: Windows
Устройство 3: Android
2025-01-27T16:55:22.551401507+03:00 - INFO - Запускаю бота GlebusVPN...
2025-01-27T16:55:28.799970073+03:00 - INFO - Пользователь LineGM с chat_id=285774400 вызвал команду /start
2025-01-27T16:55:32.297299718+03:00 - WARN - Пользователь LineGM с chat_id=285774400 ввёл некорректное значение: /fgfgfg
2025-01-27T16:56:43.122552607+03:00 - INFO - Запускаю бота GlebusVPN...
2025-01-27T16:56:56.274215548+03:00 - INFO - Пользователь LineGM с chat_id=285774400 вызвал команду /help
2025-01-27T16:57:03.467499081+03:00 - INFO - Пользователь LineGM с chat_id=285774400 вызвал команду /cancel
2025-01-27T16:57:07.821739177+03:00 - INFO - Пользователь LineGM с chat_id=285774400 вызвал команду /start
2025-01-27T16:57:11.017943919+03:00 - WARN - Пользователь LineGM с chat_id=285774400 ввёл некорректное значение: -1
2025-01-27T16:57:16.540343236+03:00 - WARN - Пользователь LineGM с chat_id=285774400 ввёл некорректное значение: 0
2025-01-27T16:57:19.583472044+03:00 - WARN - Пользователь LineGM с chat_id=285774400 ввёл превышающее значение устройств: 6
2025-01-27T16:57:30.030219615+03:00 - INFO - Пользователь LineGM с chat_id=285774400 начал оформление заявки на 2 устройств
2025-01-27T16:57:41.394707877+03:00 - INFO - Пользователь с chat_id=285774400 выбрал платформу Windows для устройства 1
2025-01-27T16:57:43.020638039+03:00 - INFO - Пользователь с chat_id=285774400 выбрал платформу Android для устройства 2
2025-01-27T16:57:43.020905112+03:00 - INFO - Пользователь с chat_id=285774400 завершил оформление заявки:
Устройство 1: Windows
Устройство 2: Android
